0
2
4
6
7
8
9
10
1
2
3
4
7
8
9
10
11
12
13
14
5
6
7
8
9
10
12
14
15
17
18
19
20
11
12
14
15
16
17
18
19
22
13
14
16
17
20
21
22
23
24
15
16
17
19
20
21
24
25
26
18
19
20
21
22
23
24
26
27
29
30
31
1
2
25
26
27
28
29
30
31
1
2
4
5
6
7
8
0
1
2
3
4
6
7
8
11
12
13
14
6
8
9
10
11
12
13
14
5
6
8
9
11
12
13
16
7
8
9
10
12
13
14
15
16
17
18
19
20
11
14
15
16
17
18
19
20
21
12
13
14
15
16
17
18
19
20
21
22
23
25
26
29
30
31
1
24
26
27
28
30
31
1
2
25
26
27
28
29
30
31
0
1
3
4
5
7
8
9
11
2
3
4
5
6
7
8
9
10
11
12
13
14
16
17
18
19
21
22
24
15
16
17
18
19
21
22
25
26
27
28
29
20
21
22
23
24
25
26
27
28
30
31
0
1
2
3
4
5
31
0
1
2
3
5
29
30
31
0
1
2
3
4
6
7
8
12
13
14
5
6
7
8
9
10
11
12
14
15
16
17
18
19
20
21
15
16
17
18
19
20
21
22
13
14
15
16
17
18
20
22
24
26
28
19
20
22
23
24
25
26
27
28
29
22
23
24
25
26
28
21
22
23
24
25
26
27
28
30
31
0
1
2
3
4
5
6
30
31
2
3
4
5
6
29
30
31
0
1
2
3
4
5
6
7
8
9
10
12
13
14
15
17
18
19
20
12
13
14
15
16
17
18
19
20
11
12
14
15
16
17
19
20
21
22
13
15
16
18
19
20
21
22
23
15
17
19
20
21
22
23
15
16
17
18
19
20
21
22
14
15
16
17
18
22
23
24
25
26
27
28
19
20
21
22
23
24
25
26
28
29
31
1
2
3
4
28
29
31
0
1
3
4
27
28
29
30
0
1
2
3
4
5
6
7
8
31
0
1
2
3
4
5
6
7
8
9
10
11
12
13
14
